[INFO] Scanning for projects...
[INFO] 
[INFO] -----------------------< com.smarthome:backend >------------------------
[INFO] Building backend 0.0.1-SNAPSHOT
[INFO]   from pom.xml
[INFO] --------------------------------[ jar ]---------------------------------
[INFO] 
[INFO] >>> spring-boot:3.2.3:run (default-cli) > test-compile @ backend >>>
[INFO] 
[INFO] --- resources:3.3.1:resources (default-resources) @ backend ---
[INFO] Copying 1 resource from src\main\resources to target\classes
[INFO] Copying 0 resource from src\main\resources to target\classes
[INFO] 
[INFO] --- compiler:3.11.0:compile (default-compile) @ backend ---
[INFO] Nothing to compile - all classes are up to date
[INFO] 
[INFO] --- resources:3.3.1:testResources (default-testResources) @ backend ---
[INFO] skip non existing resourceDirectory C:\Users\bk876\OneDrive\Desktop\New folder\backend\src\test\resources
[INFO] 
[INFO] --- compiler:3.11.0:testCompile (default-testCompile) @ backend ---
[INFO] No sources to compile
[INFO] 
[INFO] <<< spring-boot:3.2.3:run (default-cli) < test-compile @ backend <<<
[INFO] 
[INFO] 
[INFO] --- spring-boot:3.2.3:run (default-cli) @ backend ---
[INFO] Attaching agents: []

  .   ____          _            __ _ _
 /\\ / ___'_ __ _ _(_)_ __  __ _ \ \ \ \
( ( )\___ | '_ | '_| | '_ \/ _` | \ \ \ \
 \\/  ___)| |_)| | | | | || (_| |  ) ) ) )
  '  |____| .__|_| |_|_| |_\__, | / / / /
 =========|_|==============|___/=/_/_/_/
 :: Spring Boot ::                (v3.2.3)

2026-02-16T10:16:46.433+05:30  INFO 22312 --- [backend] [           main] c.s.backend.SmartHomeApplication         : Starting SmartHomeApplication using Java 17.0.12 with PID 22312 (C:\Users\bk876\OneDrive\Desktop\New folder\backend\target\classes started by bk876 in C:\Users\bk876\OneDrive\Desktop\New folder\backend)
2026-02-16T10:16:46.437+05:30  INFO 22312 --- [backend] [           main] c.s.backend.SmartHomeApplication         : No active profile set, falling back to 1 default profile: "default"
2026-02-16T10:16:47.474+05:30  INFO 22312 --- [backend] [           main] .s.d.r.c.RepositoryConfigurationDelegate : Bootstrapping Spring Data JPA repositories in DEFAULT mode.
2026-02-16T10:16:47.566+05:30  INFO 22312 --- [backend] [           main] .s.d.r.c.RepositoryConfigurationDelegate : Finished Spring Data repository scanning in 83 ms. Found 5 JPA repository interfaces.
2026-02-16T10:16:48.714+05:30  INFO 22312 --- [backend] [           main] o.s.b.w.embedded.tomcat.TomcatWebServer  : Tomcat initialized with port 8080 (http)
2026-02-16T10:16:48.762+05:30  INFO 22312 --- [backend] [           main] o.apache.catalina.core.StandardService   : Starting service [Tomcat]
2026-02-16T10:16:48.766+05:30  INFO 22312 --- [backend] [           main] o.apache.catalina.core.StandardEngine    : Starting Servlet engine: [Apache Tomcat/10.1.19]
2026-02-16T10:16:49.030+05:30  INFO 22312 --- [backend] [           main] o.a.c.c.C.[Tomcat].[localhost].[/]       : Initializing Spring embedded WebApplicationContext
2026-02-16T10:16:49.037+05:30  INFO 22312 --- [backend] [           main] w.s.c.ServletWebServerApplicationContext : Root WebApplicationContext: initialization completed in 2526 ms
2026-02-16T10:16:49.363+05:30  INFO 22312 --- [backend] [           main] o.hibernate.jpa.internal.util.LogHelper  : HHH000204: Processing PersistenceUnitInfo [name: default]
2026-02-16T10:16:49.510+05:30  INFO 22312 --- [backend] [           main] org.hibernate.Version                    : HHH000412: Hibernate ORM core version 6.4.4.Final
2026-02-16T10:16:49.582+05:30  INFO 22312 --- [backend] [           main] o.h.c.internal.RegionFactoryInitiator    : HHH000026: Second-level cache disabled
2026-02-16T10:16:50.061+05:30  INFO 22312 --- [backend] [           main] o.s.o.j.p.SpringPersistenceUnitInfo      : No LoadTimeWeaver setup: ignoring JPA class transformer
2026-02-16T10:16:50.110+05:30  INFO 22312 --- [backend] [           main] com.zaxxer.hikari.HikariDataSource       : HikariPool-1 - Starting...
2026-02-16T10:16:50.310+05:30  INFO 22312 --- [backend] [           main] com.zaxxer.hikari.pool.HikariPool        : HikariPool-1 - Added connection org.sqlite.jdbc4.JDBC4Connection@1c62c3fd
2026-02-16T10:16:50.313+05:30  INFO 22312 --- [backend] [           main] com.zaxxer.hikari.HikariDataSource       : HikariPool-1 - Start completed.
2026-02-16T10:16:51.927+05:30  INFO 22312 --- [backend] [           main] o.h.e.t.j.p.i.JtaPlatformInitiator       : HHH000489: No JTA platform available (set 'hibernate.transaction.jta.platform' to enable JTA platform integration)
2026-02-16T10:16:52.004+05:30  INFO 22312 --- [backend] [           main] j.LocalContainerEntityManagerFactoryBean : Initialized JPA EntityManagerFactory for persistence unit 'default'
2026-02-16T10:16:52.886+05:30  WARN 22312 --- [backend] [           main] JpaBaseConfiguration$JpaWebConfiguration : spring.jpa.open-in-view is enabled by default. Therefore, database queries may be performed during view rendering. Explicitly configure spring.jpa.open-in-view to disable this warning
2026-02-16T10:16:53.295+05:30  INFO 22312 --- [backend] [           main] o.s.s.web.DefaultSecurityFilterChain     : Will secure any request with [org.springframework.security.web.session.DisableEncodeUrlFilter@1a99692, org.springframework.security.web.context.request.async.WebAsyncManagerIntegrationFilter@2a0881f1, org.springframework.security.web.context.SecurityContextHolderFilter@34be7efb, org.springframework.security.web.header.HeaderWriterFilter@6632eb19, org.springframework.web.filter.CorsFilter@7a85454b, org.springframework.security.web.authentication.logout.LogoutFilter@694c0ed1, com.smarthome.backend.security.JwtAuthenticationFilter@4d2950ed, org.springframework.security.web.savedrequest.RequestCacheAwareFilter@13e5b262, org.springframework.security.web.servletapi.SecurityContextHolderAwareRequestFilter@6500e886, org.springframework.security.web.authentication.AnonymousAuthenticationFilter@3ecbfba1, org.springframework.security.web.session.SessionManagementFilter@16f62062, org.springframework.security.web.access.ExceptionTranslationFilter@3dbb7bb, org.springframework.security.web.access.intercept.AuthorizationFilter@da4c5cb]
2026-02-16T10:16:53.676+05:30  INFO 22312 --- [backend] [           main] o.s.b.w.embedded.tomcat.TomcatWebServer  : Tomcat started on port 8080 (http) with context path ''
2026-02-16T10:16:53.692+05:30  INFO 22312 --- [backend] [           main] c.s.backend.SmartHomeApplication         : Started SmartHomeApplication in 7.838 seconds (process running for 8.358)
Hibernate: select d1_0.id,d1_0.installation_status,d1_0.location,d1_0.name,d1_0.owner_id,d1_0.power_rating,d1_0.status,d1_0.type from devices d1_0
Generated energy logs at 2026-02-16T10:16:53.809870300
